<?xml version="1.0" encoding="utf-8"?><testsuites name="pytest tests"><testsuite name="pytest" errors="0" failures="1" skipped="0" tests="1" time="59.144" timestamp="2026-08-11T22:23:39.913205+00:00" hostname="elyaeval-rag-recipe-run-rdnrz-run-suite-pod"><testcase classname="test_elyaeval_rag_qa" name="test_rag_qa[p1_0]" time="58.986"><failure message="AssertionError: test_rag_qa[p1_0] failed — see report/results_rag_qa.csv for per-metric scores&#10;assert False&#10; +  where False = TestResult(name='test_rag_qa[p1_0]', success=False, metrics_data=[MetricData(name='Answer Relevancy', threshold=0.7, s...ide by capacity. It works by pumping water uphill to a reservoir when electricity is chea'], turns=None, metadata=None).success">golden = Golden(id=None, input="What is used to store excess energy generated by solar panels when the sun isn't shining?", act...expected_tools=None, source_file=None, name=None, custom_column_key_values=None, multimodal=False, images_mapping=None)

    @pytest.mark.parametrize(
        "golden",
        GOLDENS,
        ids=[g.additional_metadata.get("priority", "") + "_" + str(i) for i, g in enumerate(GOLDENS)],
    )
    def test_rag_qa(golden):
        actual_output, retrieval_context = run_app(golden.input)
    
        test_case = LLMTestCase(
            input=golden.input,
            actual_output=actual_output,
            expected_output=golden.expected_output,
            context=golden.context,
            retrieval_context=retrieval_context,
        )
    
        # One evaluate() call per golden (test_cases=[test_case], never the
        # whole GOLDENS list) — keeps scoring per-golden and gives each a
        # clean row (or rows, one per metric) in REPORT_CSV.
        result = evaluate_golden(golden, test_case, RAG_METRICS, csv_path=REPORT_CSV)
&gt;       assert result.success, f"{result.name} failed — see {REPORT_CSV} for per-metric scores"
E       AssertionError: test_rag_qa[p1_0] failed — see report/results_rag_qa.csv for per-metric scores
E       assert False
E        +  where False = TestResult(name='test_rag_qa[p1_0]', success=False, metrics_data=[MetricData(name='Answer Relevancy', threshold=0.7, s...ide by capacity. It works by pumping water uphill to a reservoir when electricity is chea'], turns=None, metadata=None).success

test_elyaeval_rag_qa.py:91: AssertionError</failure></testcase></testsuite></testsuites>